{
  "stats": {
    "suites": 1,
    "tests": 1,
    "passes": 1,
    "pending": 0,
    "failures": 0,
    "start": "2024-09-16T03:36:58.725Z",
    "end": "2024-09-16T03:37:15.306Z",
    "duration": 16581,
    "testsRegistered": 1,
    "passPercent": 100,
    "pendingPercent": 0,
    "other": 0,
    "hasOther": false,
    "skipped": 0,
    "hasSkipped": false
  },
  "results": [
    {
      "uuid": "327d8ca4-d8a7-4038-b67c-77e5609acf27",
      "title": "",
      "fullFile": "cypress\\e2e\\login\\tarea.cy.js",
      "file": "cypress\\e2e\\login\\tarea.cy.js",
      "beforeHooks": [],
      "afterHooks": [],
      "tests": [],
      "suites": [
        {
          "uuid": "a39f45f2-bbe7-40f0-8dd9-42b78b2e3d1b",
          "title": "F1: Gestión de Tareas en Asana",
          "fullFile": "",
          "file": "",
          "beforeHooks": [],
          "afterHooks": [],
          "tests": [
            {
              "title": "TC4: Verificar que un usuario pueda eliminar una tarea existente",
              "fullTitle": "F1: Gestión de Tareas en Asana TC4: Verificar que un usuario pueda eliminar una tarea existente",
              "timedOut": null,
              "duration": 14856,
              "state": "passed",
              "speed": "slow",
              "pass": true,
              "fail": false,
              "pending": false,
              "context": null,
              "code": "//Crear una tarea\n//tareaPage.saveFirstTitleTask();\n_tarea_page.tareaPage.rightClickAndSeeOptionsTask();\n_tarea_page.tareaPage.clickDeleteTaskOption();\n_tarea_page.tareaPage.verifyDeleteTask();\n//tareaPage.verifyTaskExist(\"Tarea1\")",
              "err": {},
              "uuid": "63beb6d6-e062-43a6-8216-20181252201f",
              "parentUUID": "a39f45f2-bbe7-40f0-8dd9-42b78b2e3d1b",
              "isHook": false,
              "skipped": false
            }
          ],
          "suites": [],
          "passes": [
            "63beb6d6-e062-43a6-8216-20181252201f"
          ],
          "failures": [],
          "pending": [],
          "skipped": [],
          "duration": 14856,
          "root": false,
          "rootEmpty": false,
          "_timeout": 2000
        }
      ],
      "passes": [],
      "failures": [],
      "pending": [],
      "skipped": [],
      "duration": 0,
      "root": true,
      "rootEmpty": true,
      "_timeout": 2000
    }
  ],
  "meta": {
    "mocha": {
      "version": "7.0.1"
    },
    "mochawesome": {
      "options": {
        "quiet": false,
        "reportFilename": "mochawesome",
        "saveHtml": true,
        "saveJson": true,
        "consoleReporter": "spec",
        "useInlineDiffs": false,
        "code": true
      },
      "version": "7.1.3"
    },
    "marge": {
      "options": {
        "reportDir": "cypress/reports",
        "overwrite": false,
        "html": true,
        "json": true
      },
      "version": "6.2.0"
    }
  }
}