{
  "stats": {
    "suites": 1,
    "tests": 1,
    "passes": 1,
    "pending": 0,
    "failures": 0,
    "start": "2024-09-16T03:24:52.677Z",
    "end": "2024-09-16T03:25:02.273Z",
    "duration": 9596,
    "testsRegistered": 1,
    "passPercent": 100,
    "pendingPercent": 0,
    "other": 0,
    "hasOther": false,
    "skipped": 0,
    "hasSkipped": false
  },
  "results": [
    {
      "uuid": "951c6ff3-7901-412f-b5d4-7f9cf2d5fb81",
      "title": "",
      "fullFile": "cypress\\e2e\\login\\login.cy.js",
      "file": "cypress\\e2e\\login\\login.cy.js",
      "beforeHooks": [],
      "afterHooks": [],
      "tests": [],
      "suites": [
        {
          "uuid": "68893aa9-232f-4068-8661-f6c7f481b372",
          "title": "F0: Login",
          "fullFile": "",
          "file": "",
          "beforeHooks": [],
          "afterHooks": [],
          "tests": [
            {
              "title": "Iniciar Sesion Exitosamente",
              "fullTitle": "F0: Login Iniciar Sesion Exitosamente",
              "timedOut": null,
              "duration": 7904,
              "state": "passed",
              "speed": "medium",
              "pass": true,
              "fail": false,
              "pending": false,
              "context": null,
              "code": "cy.visit(\"https://app.asana.com/-/login\");\n_login_page.loginPage.enterEmail(\"freddyfernandez778@gmail.com\");\n_login_page.loginPage.clickContinue();\n_login_page.loginPage.enterPassword(\"password1707\");\n_login_page.loginPage.clickLogin();",
              "err": {},
              "uuid": "7c47e0d1-39ed-49be-ae1d-6f0162e82ef9",
              "parentUUID": "68893aa9-232f-4068-8661-f6c7f481b372",
              "isHook": false,
              "skipped": false
            }
          ],
          "suites": [],
          "passes": [
            "7c47e0d1-39ed-49be-ae1d-6f0162e82ef9"
          ],
          "failures": [],
          "pending": [],
          "skipped": [],
          "duration": 7904,
          "root": false,
          "rootEmpty": false,
          "_timeout": 2000
        }
      ],
      "passes": [],
      "failures": [],
      "pending": [],
      "skipped": [],
      "duration": 0,
      "root": true,
      "rootEmpty": true,
      "_timeout": 2000
    }
  ],
  "meta": {
    "mocha": {
      "version": "7.0.1"
    },
    "mochawesome": {
      "options": {
        "quiet": false,
        "reportFilename": "mochawesome",
        "saveHtml": true,
        "saveJson": true,
        "consoleReporter": "spec",
        "useInlineDiffs": false,
        "code": true
      },
      "version": "7.1.3"
    },
    "marge": {
      "options": {
        "reportDir": "cypress/reports",
        "overwrite": false,
        "html": true,
        "json": true
      },
      "version": "6.2.0"
    }
  }
}