{
  "stats": {
    "suites": 1,
    "tests": 1,
    "passes": 0,
    "pending": 0,
    "failures": 1,
    "start": "2024-09-16T03:34:23.928Z",
    "end": "2024-09-16T03:35:34.254Z",
    "duration": 70326,
    "testsRegistered": 1,
    "passPercent": 0,
    "pendingPercent": 0,
    "other": 0,
    "hasOther": false,
    "skipped": 0,
    "hasSkipped": false
  },
  "results": [
    {
      "uuid": "c1fb04a4-1423-42bb-b2b4-71102064a76c",
      "title": "",
      "fullFile": "cypress\\e2e\\login\\login.cy.js",
      "file": "cypress\\e2e\\login\\login.cy.js",
      "beforeHooks": [],
      "afterHooks": [],
      "tests": [],
      "suites": [
        {
          "uuid": "97c9056a-b0b7-478c-8f8d-de86ac3d3faa",
          "title": "F0: Login",
          "fullFile": "",
          "file": "",
          "beforeHooks": [],
          "afterHooks": [],
          "tests": [
            {
              "title": "Iniciar Sesion Exitosamente",
              "fullTitle": "F0: Login Iniciar Sesion Exitosamente",
              "timedOut": null,
              "duration": 70276,
              "state": "failed",
              "speed": null,
              "pass": false,
              "fail": true,
              "pending": false,
              "context": null,
              "code": "cy.visit(\"https://app.asana.com/-/login\");\n_login_page.loginPage.enterEmail(\"freddyfernandez778@gmail.com\");\n_login_page.loginPage.clickContinue();\n_login_page.loginPage.enterPassword(\"password1707\");\n_login_page.loginPage.clickLogin();",
              "err": {
                "message": "CypressError: Timed out after waiting `60000ms` for your remote page to load.\n\nYour page did not fire its `load` event within `60000ms`.\n\nYou can try increasing the `pageLoadTimeout` value in `cypress.config.js` to wait longer.\n\nBrowsers will not fire the `load` event until all stylesheets and scripts are done downloading.\n\nWhen this `load` event occurs, Cypress will continue running commands.",
                "estack": "CypressError: Timed out after waiting `60000ms` for your remote page to load.\n\nYour page did not fire its `load` event within `60000ms`.\n\nYou can try increasing the `pageLoadTimeout` value in `cypress.config.js` to wait longer.\n\nBrowsers will not fire the `load` event until all stylesheets and scripts are done downloading.\n\nWhen this `load` event occurs, Cypress will continue running commands.\n    at timedOutWaitingForPageLoad (http://localhost:53690/__cypress/runner/cypress_runner.js:130987:64)\n    at <unknown> (http://localhost:53690/__cypress/runner/cypress_runner.js:131972:16)\n    at tryCatcher (http://localhost:53690/__cypress/runner/cypress_runner.js:1807:23)\n    at <unknown> (http://localhost:53690/__cypress/runner/cypress_runner.js:4186:41)\n    at tryCatcher (http://localhost:53690/__cypress/runner/cypress_runner.js:1807:23)\n    at Promise._settlePromiseFromHandler (http://localhost:53690/__cypress/runner/cypress_runner.js:1519:31)\n    at Promise._settlePromise (http://localhost:53690/__cypress/runner/cypress_runner.js:1576:18)\n    at Promise._settlePromise0 (http://localhost:53690/__cypress/runner/cypress_runner.js:1621:10)\n    at Promise._settlePromises (http://localhost:53690/__cypress/runner/cypress_runner.js:1697:18)\n    at _drainQueueStep (http://localhost:53690/__cypress/runner/cypress_runner.js:2407:12)\n    at _drainQueue (http://localhost:53690/__cypress/runner/cypress_runner.js:2400:9)\n    at Async._drainQueues (http://localhost:53690/__cypress/runner/cypress_runner.js:2416:5)\n    at Async.drainQueues (http://localhost:53690/__cypress/runner/cypress_runner.js:2286:14)\nFrom Your Spec Code:\n    at Context.eval (webpack://prueba/./cypress/e2e/login/login.cy.js:6:11)",
                "diff": null
              },
              "uuid": "76962559-fedf-4837-89ef-67010763bb45",
              "parentUUID": "97c9056a-b0b7-478c-8f8d-de86ac3d3faa",
              "isHook": false,
              "skipped": false
            }
          ],
          "suites": [],
          "passes": [],
          "failures": [
            "76962559-fedf-4837-89ef-67010763bb45"
          ],
          "pending": [],
          "skipped": [],
          "duration": 70276,
          "root": false,
          "rootEmpty": false,
          "_timeout": 2000
        }
      ],
      "passes": [],
      "failures": [],
      "pending": [],
      "skipped": [],
      "duration": 0,
      "root": true,
      "rootEmpty": true,
      "_timeout": 2000
    }
  ],
  "meta": {
    "mocha": {
      "version": "7.0.1"
    },
    "mochawesome": {
      "options": {
        "quiet": false,
        "reportFilename": "mochawesome",
        "saveHtml": true,
        "saveJson": true,
        "consoleReporter": "spec",
        "useInlineDiffs": false,
        "code": true
      },
      "version": "7.1.3"
    },
    "marge": {
      "options": {
        "reportDir": "cypress/reports",
        "overwrite": false,
        "html": true,
        "json": true
      },
      "version": "6.2.0"
    }
  }
}